<?xml version="1.0" encoding="UTF-8"?>
<!-- Generated by org.testng.reporters.JUnitReportReporter -->
<testsuite skipped="0" hostname="Ashok-PC" name="ProjectWTG.LoginScreen" tests="1" failures="0" timestamp="2020-09-26T09:27:08 IST" time="0.047" errors="0">
  <testcase name="LaunchBrowser" time="0.047" classname="ProjectWTG.LoginScreen"/>
  <system-out/>
</testsuite> <!-- ProjectWTG.LoginScreen -->
